2025-11-30 08:22:13,091 - INFO -- Nota agregada correctamente
2025-11-30 08:25:53,529 - INFO -- Nota agregada correctamente
2025-11-30 08:26:02,269 - INFO -- Nota agregada correctamente
2025-11-30 15:33:11,624 - INFO -- Mostrando2 notas.
2025-11-30 19:24:04,209 - INFO -- Mostrando 2 notas.
2025-11-30 21:06:49,067 - INFO -- Nota agregada correctamente
2025-11-30 21:06:49,069 - INFO -- Cambios guardados automaticamente.
2025-11-30 21:08:15,714 - INFO -- Nota editada en posicion 0: Comprar cosas [comprar]
2025-11-30 21:08:18,104 - INFO -- Mostrando 3 notas.
2025-11-30 21:09:00,012 - INFO -- Nota editada en posicion 1: Limpiar casa [limpieza]
2025-11-30 21:09:02,017 - INFO -- Mostrando 3 notas.
2025-11-30 21:10:11,045 - INFO -- Mostrando 3 notas.
2025-11-30 21:11:46,727 - INFO -- Nota editada en posicion 0: Cocinar la cena []
2025-11-30 21:11:48,956 - INFO -- Mostrando 3 notas.
2025-11-30 21:56:00,059 - INFO -- Mostrando 3 notas.
2025-11-30 21:56:29,186 - INFO -- Nota agregada correctamente
2025-11-30 21:56:29,187 - INFO -- Cambios guardados automaticamente.
2025-11-30 21:56:32,419 - INFO -- Mostrando 4 notas.
2025-12-02 10:21:43,929 - INFO -- Mostrando 4 notas.
2025-12-02 10:22:08,719 - WARNING -- Indice fuera de rango: 33
2025-12-02 10:22:08,721 - INFO -- Cambios guardados automaticamente.
2025-12-02 10:22:11,373 - INFO -- Mostrando 4 notas.
2025-12-02 10:22:33,015 - WARNING -- Indice fuera de rango: 86
2025-12-02 10:22:33,016 - INFO -- Cambios guardados automaticamente.
2025-12-02 10:23:21,520 - WARNING -- Indice fuera de rango: 785
2025-12-02 10:23:21,521 - INFO -- Cambios guardados automaticamente.
2025-12-02 11:26:07,757 - WARNING -- Indice fuera de rango: 231.Maximo permitido: 3
2025-12-02 11:26:07,758 - INFO -- Cambios guardados automaticamente.
